110 [13400] INFO perfrun.launcher <> - Launcher main begin
117 [13400] INFO perfrun.launcher <> - MessageCatalogInit finished
117 [13400] INFO perfrun.launcher <> - Launcher instance created
117 [13400] INFO perfrun.launcher <> - argc = 7; cmdline = C:\Program Files (x86)\Intel\oneAPI\vtune\2023.2.0\bin64\amplxe-runss.exe --ui-output-format xml --ui-output-fd 1088 --option-file C:\Users\ronni\Desktop\Game Development\Double Eleven\Rocket Launch Simulation\ACW Project Framework\Intel® VTune™ Profiler Results\ACW Project Framework\r006ue\config\runsa.options 
144 [13400] INFO perfrun.launcher <> - New signal handler callback was added
231 [13400] INFO perfrun.launcher <> - create msngr2::ICliToolContext
232 [13400] INFO perfrun.launcher <> - create file finder object
232 [13400] INFO perfrun.launcher <> - create a result directory: pattern = C:\Users\ronni\Desktop\Game Development\Double Eleven\Rocket Launch Simulation\ACW Project Framework\Intel® VTune™ Profiler Results\ACW Project Framework\r006ue pid = 4294967295
241 [13400] INFO perfrun.launcher <> - create data directory = C:\Users\ronni\Desktop\Game Development\Double Eleven\Rocket Launch Simulation\ACW Project Framework\Intel® VTune™ Profiler Results\ACW Project Framework\r006ue\data.0
244 [13400] INFO perfrun.launcher <> - Creating the master collection flag
255 [13400] INFO perfrun.launcher <> - Done creating the master collection flag
255 [19428] INFO perfrun.launcher <> - plugin [remoteplug] was disabled because it doesn't support the given collection type.
255 [19428] INFO perfrun.sdk <> - Allocating TMU :C:\Users\ronni\Desktop\Game Development\Double Eleven\Rocket Launch Simulation\ACW Project Framework\Intel® VTune™ Profiler Results\ACW Project Framework\r006ue\data.0\systemcollector-7252-APHRODITE.sc
256 [19428] INFO perfrun.launcher <> - plugin [] was disabled because it doesn't support the given collection type.
260 [19428] INFO perfrun.launcher <> - plugin [] was disabled because it doesn't support the given collection type.
260 [19428] INFO perfrun.launcher <> - plugin [gpu] was disabled because it doesn't support the given collection type.
260 [19428] INFO perfrun.launcher <> - plugin [etw.kernel] was disabled because it doesn't support the given collection type.
260 [19428] INFO perfrun.launcher <> - plugin [etw.dx] was disabled because it doesn't support the given collection type.
260 [19428] INFO perfrun.launcher <> - plugin [etw.wsa] was disabled because it doesn't support the given collection type.
260 [19428] INFO perfrun.mrte <> - system-wide mode is 0
260 [19428] INFO perfrun.mrte <> - Getting  mrte profiling environment ...
307 [19428] INFO perfrun.mrte <> - INTEL_MRTE_DATA_DIR=C:\Users\ronni\Desktop\Game Development\Double Eleven\Rocket Launch Simulation\ACW Project Framework\Intel® VTune™ Profiler Results\ACW Project Framework\r006ue\data.0
307 [19428] INFO perfrun.mrte <> - INTEL_MRTE_HOST_NAME=APHRODITE
307 [19428] INFO perfrun.mrte <> - JAVA_TOOL_OPTIONS=-agentlib:amplxe_samplingmrte_javaprof_1.0
307 [19428] INFO perfrun.mrte <> - PATH=C:\Program Files (x86)\Intel\oneAPI\vtune\2023.2.0\bin32\runtime;C:\Program Files (x86)\Intel\oneAPI\vtune\2023.2.0\bin64\runtime;C:\Program Files\NVIDIA GPU Computing Toolkit\CUDA\v11.8;C:\Program Files\NVIDIA GPU Computing Toolkit\CUDA\v11.8\bin;C:\Program Files\NVIDIA GPU Computing Toolkit\CUDA\v11.8\libnvvp;C:\Program Files\Microsoft MPI\Bin\;C:\msys64\mingw64\bin;C:\Python39\Scripts\;C:\Python39\;C:\Program Files\Common Files\Oracle\Java\javapath;C:\Windows\system32;C:\Windows;C:\Windows\System32\Wbem;C:\Windows\System32\WindowsPowerShell\v1.0\;C:\Windows\System32\OpenSSH\;C:\Program Files (x86)\NVIDIA Corporation\PhysX\Common;C:\WINDOWS\system32;C:\WINDOWS;C:\WINDOWS\System32\Wbem;C:\WINDOWS\System32\WindowsPowerShell\v1.0\;C:\WINDOWS\System32\OpenSSH\;C:\ProgramData\chocolatey\bin;C:\Program Files\Java\jdk-15.0.2\bin;C:\Program Files\Kubernetes\Minikube;C:\Program Files\Amazon\AWSCLIV2\;C:\Users\ronni\Desktop\Open Source Projects;C:\Program Files\Apache24\bin;C:\Users\ronni\AppData\Roaming\nvm;C:\Program Files\nodejs;C:\Program Files\PuTTY\;C:\Program Files\Microsoft SQL Server\150\Tools\Binn\;C:\Program Files\Microsoft SQL Server\Client SDK\ODBC\170\Tools\Binn\;C:\Program Files\dotnet\;C:\Program Files\Microsoft SQL Server\130\Tools\Binn\;C:\Program Files\Git\cmd;C:\WINDOWS\system32;C:\WINDOWS;C:\WINDOWS\System32\Wbem;C:\WINDOWS\System32\WindowsPowerShell\v1.0\;C:\WINDOWS\System32\OpenSSH\;C:\Program Files\Git LFS;C:\Program Files\nodejs\;C:\Program Files\NVIDIA Corporation\NVIDIA NvDLISR;C:\Users\ronni\Desktop\Ayush\Game Engine Sample 3-20230508T203632Z-001\Game Engine Sample 3\AntTweakBar\lib\AntTweakBar.dll;C:\Users\ronni\anaconda3\Scripts;C:\Program Files\CMake\bin;C:\Program Files\Docker\Docker\resources\bin;C:\Program Files\NVIDIA Corporation\Nsight Compute 2022.3.0\;C:\Users\ronni\.poetry\bin;C:\Users\ronni\AppData\Local\Microsoft\WindowsApps;C:\Users\ronni\AppData\Local\Programs\Git\cmd;C:\Users\ronni\AppData\Local\Programs\Microsoft VS Code\bin;C:\Users\ronni\AppData\Local\GitHubDesktop\bin;C:\Program Files\heroku\bin;C:\Program Files\JetBrains\IntelliJ IDEA 2021.3\bin;C:\Users\ronni\AppData\Local\Android\Sdk\platform-tools;C:\Program Files\Java\jdk-14.0.1\bin;C:\Users\ronni\.dotnet\tools;C:\Users\ronni\AppData\Roaming\npm;C:\Users\ronni\Desktop\Ayush\Game Engine Sample 3-20230508T203632Z-001\Game Engine Sample 3\AntTweakBar\lib
307 [19428] INFO perfrun.mrte <> - COR_ENABLE_PROFILING=1
307 [19428] INFO perfrun.mrte <> - COR_PROFILER={AA5E4821-E3B1-479c-B7FF-5AD047D22CED}
307 [19428] INFO perfrun.mrte <> - COMPLUS_ProfAPI_ProfilerCompatibilitySetting=EnableV2Profiler
307 [19428] INFO perfrun.mrte <> - CORECLR_ENABLE_PROFILING=1
307 [19428] INFO perfrun.mrte <> - CORECLR_PROFILER={AA5E4821-E3B1-479c-B7FF-5AD047D22CED}
307 [19428] INFO perfrun.mrte <> - CORECLR_PROFILER_PATH=C:\Program Files (x86)\Intel\oneAPI\vtune\2023.2.0\bin64/amplxe_samplingmrte_clrprof_1.0.dll
307 [19428] INFO perfrun.mrte <> - INTEL_MRTE_PROFILER_MODE=mixed
307 [19428] INFO perfrun.mrte <> - Data directory: C:\Users\ronni\Desktop\Game Development\Double Eleven\Rocket Launch Simulation\ACW Project Framework\Intel® VTune™ Profiler Results\ACW Project Framework\r006ue\data.0
307 [19428] INFO perfrun.mrte <> - Mrte plugin is initialized
307 [19428] INFO perfrun.launcher <> - plugin [emon] was disabled because it doesn't support the given collection type.
307 [19428] INFO perfrun.launcher <> - plugin [cuscol] was disabled because it doesn't support the given collection type.
307 [19428] INFO perfrun.launcher <> - plugin [stdsrc] was disabled because it doesn't support the given collection type.
308 [19428] INFO perfrun.sdk <> - runCmd: "C:\Program Files (x86)\Intel\oneAPI\vtune\2023.2.0\bin64\sep.exe" -dry-run -ec CPU_CLK_UNHALTED.THREAD:sa=2300000,CPU_CLK_UNHALTED.REF_TSC:sample:sa=2300000,INST_RETIRED.ANY:sample:sa=2300000,CPU_CLK_UNHALTED.REF_XCLK:sa=100003,CPU_CLK_UNHALTED.ONE_THREAD_ACTIVE:sa=100003,CPU_CLK_UNHALTED.THREAD_P,CYCLE_ACTIVITY.STALLS_MEM_ANY,CYCLE_ACTIVITY.STALLS_TOTAL,EXE_ACTIVITY.1_PORTS_UTIL,EXE_ACTIVITY.2_PORTS_UTIL,EXE_ACTIVITY.BOUND_ON_STORES,FRONTEND_RETIRED.LATENCY_GE_4_PS,IDQ_UOPS_NOT_DELIVERED.CORE,INT_MISC.RECOVERY_CYCLES,UOPS_ISSUED.ANY,UOPS_RETIRED.RETIRE_SLOTS:sa=2000003,BACLEARS.ANY,BR_MISP_RETIRED.ALL_BRANCHES,DSB2MITE_SWITCHES.PENALTY_CYCLES,FRONTEND_RETIRED.ANY_DSB_MISS,FRONTEND_RETIRED.DSB_MISS_PS,FRONTEND_RETIRED.L2_MISS_PS,FRONTEND_RETIRED.LATENCY_GE_16_PS,FRONTEND_RETIRED.LATENCY_GE_2_BUBBLES_GE_1_PS,FRONTEND_RETIRED.STLB_MISS_PS,ICACHE_16B.IFDATA_STALL,ICACHE_16B.IFDATA_STALL:cmask=1:e=yes,ICACHE_64B.IFTAG_STALL,IDQ.ALL_DSB_CYCLES_4_UOPS,IDQ.ALL_DSB_CYCLES_ANY_UOPS,IDQ.ALL_MITE_CYCLES_4_UOPS,IDQ.ALL_MITE_CYCLES_ANY_UOPS,IDQ.DSB_UOPS,IDQ.MITE_UOPS,IDQ.MS_SWITCHES,IDQ.MS_UOPS,IDQ_UOPS_NOT_DELIVERED.CYCLES_0_UOPS_DELIV.CORE,ILD_STALL.LCP,INST_DECODED.DECODERS:cmask=1,INST_DECODED.DECODERS:cmask=2,INT_MISC.CLEAR_RESTEER_CYCLES,LSD.CYCLES_4_UOPS,LSD.CYCLES_ACTIVE,LSD.UOPS,MACHINE_CLEARS.COUNT,BR_MISP_RETIRED.ALL_BRANCHES_PS,CYCLE_ACTIVITY.CYCLES_L1D_MISS,CYCLE_ACTIVITY.CYCLES_MEM_ANY,CYCLE_ACTIVITY.STALLS_L1D_MISS,CYCLE_ACTIVITY.STALLS_L2_MISS,CYCLE_ACTIVITY.STALLS_L3_MISS,DTLB_LOAD_MISSES.STLB_HIT:cmask=1,DTLB_LOAD_MISSES.WALK_ACTIVE,DTLB_STORE_MISSES.STLB_HIT:cmask=1,DTLB_STORE_MISSES.WALK_ACTIVE,L1D_PEND_MISS.FB_FULL:cmask=1,L1D_PEND_MISS.PENDING,L2_RQSTS.ALL_RFO,L2_RQSTS.RFO_HIT,LD_BLOCKS.NO_SR,LD_BLOCKS.STORE_FORWARD,LD_BLOCKS_PARTIAL.ADDRESS_ALIAS,MEM_INST_RETIRED.ALL_STORES_PS,MEM_INST_RETIRED.LOCK_LOADS_PS,MEM_INST_RETIRED.SPLIT_LOADS_PS,MEM_INST_RETIRED.SPLIT_STORES_PS,MEM_INST_RETIRED.STLB_MISS_LOADS_PS,MEM_INST_RETIRED.STLB_MISS_STORES_PS,MEM_LOAD_L3_HIT_RETIRED.XSNP_HITM_PS,MEM_LOAD_L3_HIT_RETIRED.XSNP_HIT_PS,MEM_LOAD_L3_HIT_RETIRED.XSNP_MISS_PS,MEM_LOAD_RETIRED.FB_HIT_PS,MEM_LOAD_RETIRED.L1_HIT_PS,MEM_LOAD_RETIRED.L1_MISS_PS,MEM_LOAD_RETIRED.L2_HIT_PS,MEM_LOAD_RETIRED.L3_HIT_PS,MEM_LOAD_RETIRED.L3_MISS_PS,OFFCORE_REQUESTS_BUFFER.SQ_FULL,OFFCORE_REQUESTS_OUTSTANDING.ALL_DATA_RD:cmask=4,OFFCORE_REQUESTS_OUTSTANDING.CYCLES_WITH_DATA_RD,OFFCORE_REQUESTS_OUTSTANDING.CYCLES_WITH_DEMAND_RFO,ARITH.DIVIDER_ACTIVE,EXE_ACTIVITY.EXE_BOUND_0_PORTS,FP_ARITH_INST_RETIRED.128B_PACKED_DOUBLE:umask=0x3c,FP_ARITH_INST_RETIRED.SCALAR_SINGLE:umask=0x03,INST_RETIRED.PREC_DIST,PARTIAL_RAT_STALLS.SCOREBOARD,ROB_MISC_EVENTS.PAUSE_INST,UOPS_DISPATCHED_PORT.PORT_0,UOPS_DISPATCHED_PORT.PORT_1,UOPS_DISPATCHED_PORT.PORT_2,UOPS_DISPATCHED_PORT.PORT_3,UOPS_DISPATCHED_PORT.PORT_4,UOPS_DISPATCHED_PORT.PORT_5,UOPS_DISPATCHED_PORT.PORT_6,UOPS_DISPATCHED_PORT.PORT_7,UOPS_EXECUTED.CORE_CYCLES_GE_1,UOPS_EXECUTED.CORE_CYCLES_GE_2,UOPS_EXECUTED.CORE_CYCLES_GE_3,UOPS_EXECUTED.CORE_CYCLES_NONE,UOPS_EXECUTED.THREAD:sa=2000003,UOPS_EXECUTED.X87:sa=2000003,UOPS_ISSUED.VECTOR_WIDTH_MISMATCH,UOPS_RETIRED.MACRO_FUSED,BR_INST_RETIRED.ALL_BRANCHES,FP_ARITH_INST_RETIRED.128B_PACKED_DOUBLE:sa=2000003,FP_ARITH_INST_RETIRED.128B_PACKED_SINGLE:sa=2000003,FP_ARITH_INST_RETIRED.256B_PACKED_DOUBLE:sa=2000003,FP_ARITH_INST_RETIRED.256B_PACKED_SINGLE:sa=2000003,FP_ASSIST.ANY,INST_RETIRED.NOP,MEM_INST_RETIRED.ANY,OTHER_ASSISTS.ANY,OFFCORE_RESPONSE:request=DEMAND_RFO:response=L3_HIT.SNOOP_HITM,FP_ARITH_INST_RETIRED.SCALAR_SINGLE:sa=2000003,FP_ARITH_INST_RETIRED.SCALAR_DOUBLE:sa=2000003 -experimental
315 [19428] INFO perfrun.sdk <> - runCmd started PID 22096
560 [19428] INFO perfrun.launcher <> - plugin [vtsspp] was disabled because it doesn't support the given collection type.
560 [19428] INFO perfrun.launcher <> - plugin [] was disabled because it doesn't support the given collection type.
560 [19428] INFO perfrun.launcher <> - plugin [aoclprofile] was disabled because it doesn't support the given collection type.
560 [19428] INFO perfrun.tpss <> - initialize tpss controller
560 [19428] INFO perfrun.launcher <> - plugin [tpss] was disabled because it doesn't support the given collection type.
560 [19428] INFO perfrun.launcher <> - plugin [] was disabled because it doesn't support the given collection type.
560 [19428] INFO perfrun.launcher <> - plugin [] was disabled because it doesn't support the given collection type.
560 [19428] INFO perfrun.launcher <> - plugin [] was disabled because it doesn't support the given collection type.
560 [19428] INFO perfrun.launcher <> - plugin [] was disabled because it doesn't support the given collection type.
561 [19428] INFO perfrun.launcher <> - plugin [power] was disabled because it doesn't support the given collection type.
561 [19428] INFO perfrun.launcher <> - plugin [hwloc] was disabled because it doesn't support the given collection type.
561 [19428] INFO perfrun.launcher <> - plugin [ipmwatch] was disabled because it doesn't support the given collection type.
561 [19428] INFO perfrun.launcher <> - plugin [os_counters] was disabled because it doesn't support the given collection type.
561 [19428] INFO perfrun.launcher <> - plugin [l0_metrics] was disabled because it doesn't support the given collection type.
561 [13400] INFO perfrun.launcher <> - set environment variable: PATH = C:\Program Files (x86)\Intel\oneAPI\vtune\2023.2.0\bin32\runtime;C:\Program Files (x86)\Intel\oneAPI\vtune\2023.2.0\bin64\runtime;C:\Program Files\NVIDIA GPU Computing Toolkit\CUDA\v11.8;C:\Program Files\NVIDIA GPU Computing Toolkit\CUDA\v11.8\bin;C:\Program Files\NVIDIA GPU Computing Toolkit\CUDA\v11.8\libnvvp;C:\Program Files\Microsoft MPI\Bin\;C:\msys64\mingw64\bin;C:\Python39\Scripts\;C:\Python39\;C:\Program Files\Common Files\Oracle\Java\javapath;C:\Windows\system32;C:\Windows;C:\Windows\System32\Wbem;C:\Windows\System32\WindowsPowerShell\v1.0\;C:\Windows\System32\OpenSSH\;C:\Program Files (x86)\NVIDIA Corporation\PhysX\Common;C:\WINDOWS\system32;C:\WINDOWS;C:\WINDOWS\System32\Wbem;C:\WINDOWS\System32\WindowsPowerShell\v1.0\;C:\WINDOWS\System32\OpenSSH\;C:\ProgramData\chocolatey\bin;C:\Program Files\Java\jdk-15.0.2\bin;C:\Program Files\Kubernetes\Minikube;C:\Program Files\Amazon\AWSCLIV2\;C:\Users\ronni\Desktop\Open Source Projects;C:\Program Files\Apache24\bin;C:\Users\ronni\AppData\Roaming\nvm;C:\Program Files\nodejs;C:\Program Files\PuTTY\;C:\Program Files\Microsoft SQL Server\150\Tools\Binn\;C:\Program Files\Microsoft SQL Server\Client SDK\ODBC\170\Tools\Binn\;C:\Program Files\dotnet\;C:\Program Files\Microsoft SQL Server\130\Tools\Binn\;C:\Program Files\Git\cmd;C:\WINDOWS\system32;C:\WINDOWS;C:\WINDOWS\System32\Wbem;C:\WINDOWS\System32\WindowsPowerShell\v1.0\;C:\WINDOWS\System32\OpenSSH\;C:\Program Files\Git LFS;C:\Program Files\nodejs\;C:\Program Files\NVIDIA Corporation\NVIDIA NvDLISR;C:\Users\ronni\Desktop\Ayush\Game Engine Sample 3-20230508T203632Z-001\Game Engine Sample 3\AntTweakBar\lib\AntTweakBar.dll;C:\Users\ronni\anaconda3\Scripts;C:\Program Files\CMake\bin;C:\Program Files\Docker\Docker\resources\bin;C:\Program Files\NVIDIA Corporation\Nsight Compute 2022.3.0\;C:\Users\ronni\.poetry\bin;C:\Users\ronni\AppData\Local\Microsoft\WindowsApps;C:\Users\ronni\AppData\Local\Programs\Git\cmd;C:\Users\ronni\AppData\Local\Programs\Microsoft VS Code\bin;C:\Users\ronni\AppData\Local\GitHubDesktop\bin;C:\Program Files\heroku\bin;C:\Program Files\JetBrains\IntelliJ IDEA 2021.3\bin;C:\Users\ronni\AppData\Local\Android\Sdk\platform-tools;C:\Program Files\Java\jdk-14.0.1\bin;C:\Users\ronni\.dotnet\tools;C:\Users\ronni\AppData\Roaming\npm;C:\Users\ronni\Desktop\Ayush\Game Engine Sample 3-20230508T203632Z-001\Game Engine Sample 3\AntTweakBar\lib
561 [13400] INFO perfrun.launcher <> - set environment variable: INTEL_LIBITTNOTIFY32 = C:\Program Files (x86)\Intel\oneAPI\vtune\2023.2.0\bin32\runtime\ittnotify_collector.dll
561 [13400] INFO perfrun.launcher <> - set environment variable: INTEL_LIBITTNOTIFY64 = C:\Program Files (x86)\Intel\oneAPI\vtune\2023.2.0\bin64\runtime\ittnotify_collector.dll
561 [13400] INFO perfrun.launcher <> - set environment variable: INTEL_ITTNOTIFY_GROUPS = 
561 [13400] INFO perfrun.launcher <> - set environment variable: INTEL_JIT_PROFILER32 = C:\Program Files (x86)\Intel\oneAPI\vtune\2023.2.0\bin32\runtime\ittnotify_collector.dll
561 [13400] INFO perfrun.launcher <> - set environment variable: INTEL_JIT_PROFILER64 = C:\Program Files (x86)\Intel\oneAPI\vtune\2023.2.0\bin64\runtime\ittnotify_collector.dll
561 [13400] INFO perfrun.launcher <> - set environment variable: ENABLE_JITPROFILING = 1
561 [13400] INFO perfrun.launcher <> - set environment variable: CL_CONFIG_USE_VTUNE = True
561 [13400] INFO perfrun.launcher <> - set environment variable: KMP_FORKJOIN_FRAMES = 0
562 [13400] INFO perfrun.launcher <> - set environment variable: KMP_FORKJOIN_FRAMES_MODE = 0
562 [13400] INFO perfrun.launcher <> - set environment variable: INTEL_MRTE_DATA_DIR = C:\Users\ronni\Desktop\Game Development\Double Eleven\Rocket Launch Simulation\ACW Project Framework\Intel® VTune™ Profiler Results\ACW Project Framework\r006ue\data.0
562 [13400] INFO perfrun.launcher <> - set environment variable: INTEL_MRTE_HOST_NAME = APHRODITE
562 [13400] INFO perfrun.launcher <> - set environment variable: JAVA_TOOL_OPTIONS = -agentlib:amplxe_samplingmrte_javaprof_1.0
562 [13400] INFO perfrun.launcher <> - set environment variable: PATH = C:\Program Files (x86)\Intel\oneAPI\vtune\2023.2.0\bin32\runtime;C:\Program Files (x86)\Intel\oneAPI\vtune\2023.2.0\bin64\runtime;C:\Program Files\NVIDIA GPU Computing Toolkit\CUDA\v11.8;C:\Program Files\NVIDIA GPU Computing Toolkit\CUDA\v11.8\bin;C:\Program Files\NVIDIA GPU Computing Toolkit\CUDA\v11.8\libnvvp;C:\Program Files\Microsoft MPI\Bin\;C:\msys64\mingw64\bin;C:\Python39\Scripts\;C:\Python39\;C:\Program Files\Common Files\Oracle\Java\javapath;C:\Windows\system32;C:\Windows;C:\Windows\System32\Wbem;C:\Windows\System32\WindowsPowerShell\v1.0\;C:\Windows\System32\OpenSSH\;C:\Program Files (x86)\NVIDIA Corporation\PhysX\Common;C:\WINDOWS\system32;C:\WINDOWS;C:\WINDOWS\System32\Wbem;C:\WINDOWS\System32\WindowsPowerShell\v1.0\;C:\WINDOWS\System32\OpenSSH\;C:\ProgramData\chocolatey\bin;C:\Program Files\Java\jdk-15.0.2\bin;C:\Program Files\Kubernetes\Minikube;C:\Program Files\Amazon\AWSCLIV2\;C:\Users\ronni\Desktop\Open Source Projects;C:\Program Files\Apache24\bin;C:\Users\ronni\AppData\Roaming\nvm;C:\Program Files\nodejs;C:\Program Files\PuTTY\;C:\Program Files\Microsoft SQL Server\150\Tools\Binn\;C:\Program Files\Microsoft SQL Server\Client SDK\ODBC\170\Tools\Binn\;C:\Program Files\dotnet\;C:\Program Files\Microsoft SQL Server\130\Tools\Binn\;C:\Program Files\Git\cmd;C:\WINDOWS\system32;C:\WINDOWS;C:\WINDOWS\System32\Wbem;C:\WINDOWS\System32\WindowsPowerShell\v1.0\;C:\WINDOWS\System32\OpenSSH\;C:\Program Files\Git LFS;C:\Program Files\nodejs\;C:\Program Files\NVIDIA Corporation\NVIDIA NvDLISR;C:\Users\ronni\Desktop\Ayush\Game Engine Sample 3-20230508T203632Z-001\Game Engine Sample 3\AntTweakBar\lib\AntTweakBar.dll;C:\Users\ronni\anaconda3\Scripts;C:\Program Files\CMake\bin;C:\Program Files\Docker\Docker\resources\bin;C:\Program Files\NVIDIA Corporation\Nsight Compute 2022.3.0\;C:\Users\ronni\.poetry\bin;C:\Users\ronni\AppData\Local\Microsoft\WindowsApps;C:\Users\ronni\AppData\Local\Programs\Git\cmd;C:\Users\ronni\AppData\Local\Programs\Microsoft VS Code\bin;C:\Users\ronni\AppData\Local\GitHubDesktop\bin;C:\Program Files\heroku\bin;C:\Program Files\JetBrains\IntelliJ IDEA 2021.3\bin;C:\Users\ronni\AppData\Local\Android\Sdk\platform-tools;C:\Program Files\Java\jdk-14.0.1\bin;C:\Users\ronni\.dotnet\tools;C:\Users\ronni\AppData\Roaming\npm;C:\Users\ronni\Desktop\Ayush\Game Engine Sample 3-20230508T203632Z-001\Game Engine Sample 3\AntTweakBar\lib
562 [13400] INFO perfrun.launcher <> - set environment variable: COR_ENABLE_PROFILING = 1
562 [13400] INFO perfrun.launcher <> - set environment variable: COR_PROFILER = {AA5E4821-E3B1-479c-B7FF-5AD047D22CED}
562 [13400] INFO perfrun.launcher <> - set environment variable: COMPLUS_ProfAPI_ProfilerCompatibilitySetting = EnableV2Profiler
562 [13400] INFO perfrun.launcher <> - set environment variable: CORECLR_ENABLE_PROFILING = 1
563 [13400] INFO perfrun.launcher <> - set environment variable: CORECLR_PROFILER = {AA5E4821-E3B1-479c-B7FF-5AD047D22CED}
563 [13400] INFO perfrun.launcher <> - set environment variable: CORECLR_PROFILER_PATH = C:\Program Files (x86)\Intel\oneAPI\vtune\2023.2.0\bin64/amplxe_samplingmrte_clrprof_1.0.dll
563 [13400] INFO perfrun.launcher <> - set environment variable: INTEL_MRTE_PROFILER_MODE = mixed
563 [13400] INFO perfrun.launcher <> - RpcServer: run RPC server to handle requests
573 [13400] INFO perfrun.sdk <> - IProcessUtil: the given executable 'C:\Users\ronni\Desktop\Game Development\Double Eleven\Rocket Launch Simulation\x64\Release\ACW Project Framework.exe' is valid.
573 [13400] INFO perfrun.launcher <> - Launcher: command line to start before modification = C:\Users\ronni\Desktop\Game Development\Double Eleven\Rocket Launch Simulation\x64\Release\ACW Project Framework.exe
573 [13400] INFO perfrun.launcher <> - Launcher: command line to start after modification = C:\Users\ronni\Desktop\Game Development\Double Eleven\Rocket Launch Simulation\x64\Release\ACW Project Framework.exe
573 [13400] INFO perfrun.launcher <> - ProcessCreator object was created
576 [13400] INFO perfrun.launcher <> - Launcher: the process was started in suspend mode
577 [19428] INFO perfrun.itt <> - start itt controller for pid #10404
579 [19428] INFO perfrun.sdk <> - runCmd: "C:\Program Files (x86)\Intel\oneAPI\vtune\2023.2.0\bin64\sep.exe" -start -experimental -uem timer=10 -em factor=5 -p-state trigger=CPU_CLK_UNHALTED.REF_TSC -out "C:\Users\ronni\Desktop\Game Development\Double Eleven\Rocket Launch Simulation\ACW Project Framework\Intel® VTune™ Profiler Results\ACW Project Framework\r006ue\data.0\sep4be4.20230913T131418.046949" -ec INST_RETIRED.ANY:sample:sa=2300000,CPU_CLK_UNHALTED.THREAD:sa=2300000,CPU_CLK_UNHALTED.REF_TSC:sample:sa=2300000,OFFCORE_RESPONSE:request=DEMAND_RFO:response=L3_HIT.SNOOP_HITM,CPU_CLK_UNHALTED.REF_XCLK:sa=100003,CPU_CLK_UNHALTED.ONE_THREAD_ACTIVE:sa=100003,CPU_CLK_UNHALTED.THREAD_P,CYCLE_ACTIVITY.STALLS_MEM_ANY,CYCLE_ACTIVITY.STALLS_TOTAL,EXE_ACTIVITY.1_PORTS_UTIL,EXE_ACTIVITY.2_PORTS_UTIL,EXE_ACTIVITY.BOUND_ON_STORES,FRONTEND_RETIRED.LATENCY_GE_4_PS,IDQ_UOPS_NOT_DELIVERED.CORE,INT_MISC.RECOVERY_CYCLES,UOPS_ISSUED.ANY,UOPS_RETIRED.RETIRE_SLOTS:sa=2000003,BACLEARS.ANY,BR_MISP_RETIRED.ALL_BRANCHES,DSB2MITE_SWITCHES.PENALTY_CYCLES,FRONTEND_RETIRED.ANY_DSB_MISS,FRONTEND_RETIRED.DSB_MISS_PS,FRONTEND_RETIRED.L2_MISS_PS,FRONTEND_RETIRED.LATENCY_GE_16_PS,FRONTEND_RETIRED.LATENCY_GE_2_BUBBLES_GE_1_PS,FRONTEND_RETIRED.STLB_MISS_PS,ICACHE_16B.IFDATA_STALL,ICACHE_16B.IFDATA_STALL:cmask=1:e=yes,ICACHE_64B.IFTAG_STALL,IDQ.ALL_DSB_CYCLES_4_UOPS,IDQ.ALL_DSB_CYCLES_ANY_UOPS,IDQ.ALL_MITE_CYCLES_4_UOPS,IDQ.ALL_MITE_CYCLES_ANY_UOPS,IDQ.DSB_UOPS,IDQ.MITE_UOPS,IDQ.MS_SWITCHES,IDQ.MS_UOPS,IDQ_UOPS_NOT_DELIVERED.CYCLES_0_UOPS_DELIV.CORE,ILD_STALL.LCP,INST_DECODED.DECODERS:cmask=1,INST_DECODED.DECODERS:cmask=2,INT_MISC.CLEAR_RESTEER_CYCLES,LSD.CYCLES_4_UOPS,LSD.CYCLES_ACTIVE,LSD.UOPS,MACHINE_CLEARS.COUNT,BR_MISP_RETIRED.ALL_BRANCHES_PS,CYCLE_ACTIVITY.CYCLES_L1D_MISS,CYCLE_ACTIVITY.CYCLES_MEM_ANY,CYCLE_ACTIVITY.STALLS_L1D_MISS,CYCLE_ACTIVITY.STALLS_L2_MISS,CYCLE_ACTIVITY.STALLS_L3_MISS,DTLB_LOAD_MISSES.STLB_HIT:cmask=1,DTLB_LOAD_MISSES.WALK_ACTIVE,DTLB_STORE_MISSES.STLB_HIT:cmask=1,DTLB_STORE_MISSES.WALK_ACTIVE,L1D_PEND_MISS.FB_FULL:cmask=1,L1D_PEND_MISS.PENDING,L2_RQSTS.ALL_RFO,L2_RQSTS.RFO_HIT,LD_BLOCKS.NO_SR,LD_BLOCKS.STORE_FORWARD,LD_BLOCKS_PARTIAL.ADDRESS_ALIAS,MEM_INST_RETIRED.ALL_STORES_PS,MEM_INST_RETIRED.LOCK_LOADS_PS,MEM_INST_RETIRED.SPLIT_LOADS_PS,MEM_INST_RETIRED.SPLIT_STORES_PS,MEM_INST_RETIRED.STLB_MISS_LOADS_PS,MEM_INST_RETIRED.STLB_MISS_STORES_PS,MEM_LOAD_L3_HIT_RETIRED.XSNP_HITM_PS,MEM_LOAD_L3_HIT_RETIRED.XSNP_HIT_PS,MEM_LOAD_L3_HIT_RETIRED.XSNP_MISS_PS,MEM_LOAD_RETIRED.FB_HIT_PS,MEM_LOAD_RETIRED.L1_HIT_PS,MEM_LOAD_RETIRED.L1_MISS_PS,MEM_LOAD_RETIRED.L2_HIT_PS,MEM_LOAD_RETIRED.L3_HIT_PS,MEM_LOAD_RETIRED.L3_MISS_PS,OFFCORE_REQUESTS_BUFFER.SQ_FULL,OFFCORE_REQUESTS_OUTSTANDING.ALL_DATA_RD:cmask=4,OFFCORE_REQUESTS_OUTSTANDING.CYCLES_WITH_DATA_RD,OFFCORE_REQUESTS_OUTSTANDING.CYCLES_WITH_DEMAND_RFO,ARITH.DIVIDER_ACTIVE,EXE_ACTIVITY.EXE_BOUND_0_PORTS,FP_ARITH_INST_RETIRED.128B_PACKED_DOUBLE:umask=0x3c,FP_ARITH_INST_RETIRED.SCALAR_SINGLE:umask=0x03,INST_RETIRED.PREC_DIST,PARTIAL_RAT_STALLS.SCOREBOARD,ROB_MISC_EVENTS.PAUSE_INST,UOPS_DISPATCHED_PORT.PORT_0,UOPS_DISPATCHED_PORT.PORT_1,UOPS_DISPATCHED_PORT.PORT_2,UOPS_DISPATCHED_PORT.PORT_3,UOPS_DISPATCHED_PORT.PORT_4,UOPS_DISPATCHED_PORT.PORT_5,UOPS_DISPATCHED_PORT.PORT_6,UOPS_DISPATCHED_PORT.PORT_7,UOPS_EXECUTED.CORE_CYCLES_GE_1,UOPS_EXECUTED.CORE_CYCLES_GE_2,UOPS_EXECUTED.CORE_CYCLES_GE_3,UOPS_EXECUTED.CORE_CYCLES_NONE,UOPS_EXECUTED.THREAD:sa=2000003,UOPS_EXECUTED.X87:sa=2000003,UOPS_ISSUED.VECTOR_WIDTH_MISMATCH,UOPS_RETIRED.MACRO_FUSED,BR_INST_RETIRED.ALL_BRANCHES,FP_ARITH_INST_RETIRED.128B_PACKED_DOUBLE:sa=2000003,FP_ARITH_INST_RETIRED.128B_PACKED_SINGLE:sa=2000003,FP_ARITH_INST_RETIRED.256B_PACKED_DOUBLE:sa=2000003,FP_ARITH_INST_RETIRED.256B_PACKED_SINGLE:sa=2000003,FP_ASSIST.ANY,INST_RETIRED.NOP,MEM_INST_RETIRED.ANY,OTHER_ASSISTS.ANY,FP_ARITH_INST_RETIRED.SCALAR_SINGLE:sa=2000003,FP_ARITH_INST_RETIRED.SCALAR_DOUBLE:sa=2000003, -d 0 -uem factor=10
584 [19428] INFO perfrun.sdk <> - runCmd started PID 10316
1100 [13400] INFO perfrun.launcher <> - Launcher: all plugins were started
1100 [13400] INFO perfrun.launcher <> - DirectoryMonitor object was created
1100 [13400] INFO perfrun.launcher <> - DirectoryMonitor: a callback was added
1100 [13400] INFO perfrun.launcher <> - DirectoryMonitor was started with pingTime = 1000
1100 [13400] INFO perfrun.launcher <> - DeadlineTimer is going to be constructed
1101 [13400] INFO perfrun.launcher <> - DeadlineTimer: a callback was added
1110 [13400] INFO perfrun.launcher <> - Launcher: resume the profiled application and  wait its termination or stop command
17811 [13400] INFO perfrun.launcher <> - Launcher: the profiled application was terminated  with exit code = 0
17830 [19428] INFO perfrun.itt <> - detach itt controller
17830 [19428] INFO perfrun.itt <> - detach itt controller done
17830 [19428] INFO perfrun.sdk <> - runCmd: "C:\Program Files (x86)\Intel\oneAPI\vtune\2023.2.0\bin64\sep.exe" -stop
17837 [19428] INFO perfrun.sdk <> - runCmd started PID 21932
18640 [19428] INFO perfrun.sepdk <> - Sampling successfully stopped.

18640 [19428] INFO perfrun.sepdk <> - Waiting for main SEP process (10316) to finish...
18642 [19428] INFO perfrun.sepdk <> - Main SEP process finished
18642 [19428] INFO perfrun.sdk <> - De-allocating TMU: C:\Users\ronni\Desktop\Game Development\Double Eleven\Rocket Launch Simulation\ACW Project Framework\Intel® VTune™ Profiler Results\ACW Project Framework\r006ue\data.0\systemcollector-7252-APHRODITE.sc
18657 [19428] INFO perfrun.system <> - closed the system trace file: C:\Users\ronni\Desktop\Game Development\Double Eleven\Rocket Launch Simulation\ACW Project Framework\Intel® VTune™ Profiler Results\ACW Project Framework\r006ue\data.0\systemcollector-7252-APHRODITE.sc
18657 [13400] INFO perfrun.launcher <> - Launcher: all plugins were stopped.
18657 [13400] INFO perfrun.launcher <> - DeadlineTimer is going to be destroyed
18657 [13400] INFO perfrun.launcher <> - DeadlineTimer was destroyed
18658 [13400] INFO perfrun.launcher <> - DirectoryMonitor object was destroyed
18658 [13400] WARN perfrun.launcher <> - Stop command is ignored because it is received when collection is already stopped, at file: vcs\perfrun1\launcher\src\command_handler.cpp:226
18659 [13400] INFO perfrun.launcher <> - Application exit code: 0
18659 [13400] INFO perfrun.launcher <> - Exit code: 0
