122 [19332] INFO perfrun.launcher <> - Launcher main begin
128 [19332] INFO perfrun.launcher <> - MessageCatalogInit finished
129 [19332] INFO perfrun.launcher <> - Launcher instance created
129 [19332] INFO perfrun.launcher <> - argc = 7; cmdline = C:\Program Files (x86)\Intel\oneAPI\vtune\2023.2.0\bin64\amplxe-runss.exe --ui-output-format xml --ui-output-fd 892 --option-file C:\Users\ronni\Desktop\Game Development\Double Eleven\Rocket Launch Simulation\ACW Project Framework\Intel® VTune™ Profiler Results\ACW Project Framework\r007hs\config\runss.options 
154 [19332] INFO perfrun.launcher <> - New signal handler callback was added
242 [19332] INFO perfrun.launcher <> - create msngr2::ICliToolContext
242 [19332] INFO perfrun.launcher <> - create file finder object
243 [19332] INFO perfrun.launcher <> - create a result directory: pattern = C:\Users\ronni\Desktop\Game Development\Double Eleven\Rocket Launch Simulation\ACW Project Framework\Intel® VTune™ Profiler Results\ACW Project Framework\r007hs pid = 4294967295
250 [19332] INFO perfrun.launcher <> - create data directory = C:\Users\ronni\Desktop\Game Development\Double Eleven\Rocket Launch Simulation\ACW Project Framework\Intel® VTune™ Profiler Results\ACW Project Framework\r007hs\data.0
255 [19332] INFO perfrun.launcher <> - Creating the master collection flag
262 [19332] INFO perfrun.launcher <> - Done creating the master collection flag
262 [13864] INFO perfrun.launcher <> - plugin [remoteplug] was disabled because it doesn't support the given collection type.
264 [13864] INFO perfrun.sdk <> - Allocating TMU :C:\Users\ronni\Desktop\Game Development\Double Eleven\Rocket Launch Simulation\ACW Project Framework\Intel® VTune™ Profiler Results\ACW Project Framework\r007hs\data.0\systemcollector-20052-APHRODITE.sc
265 [13864] INFO perfrun.launcher <> - plugin [] was disabled because it doesn't support the given collection type.
269 [13864] INFO perfrun.launcher <> - plugin [] was disabled because it doesn't support the given collection type.
269 [13864] INFO perfrun.launcher <> - plugin [gpu] was disabled because it doesn't support the given collection type.
269 [13864] INFO perfrun.launcher <> - plugin [etw.kernel] was disabled because it doesn't support the given collection type.
269 [13864] INFO perfrun.launcher <> - plugin [etw.dx] was disabled because it doesn't support the given collection type.
269 [13864] INFO perfrun.launcher <> - plugin [etw.wsa] was disabled because it doesn't support the given collection type.
270 [13864] INFO perfrun.mrte <> - system-wide mode is 0
270 [13864] INFO perfrun.mrte <> - Getting  mrte profiling environment ...
348 [13864] INFO perfrun.mrte <> - INTEL_MRTE_DATA_DIR=C:\Users\ronni\Desktop\Game Development\Double Eleven\Rocket Launch Simulation\ACW Project Framework\Intel® VTune™ Profiler Results\ACW Project Framework\r007hs\data.0
348 [13864] INFO perfrun.mrte <> - INTEL_MRTE_HOST_NAME=APHRODITE
348 [13864] INFO perfrun.mrte <> - JAVA_TOOL_OPTIONS=-agentlib:amplxe_tpssmrte_javaprof_1.0
348 [13864] INFO perfrun.mrte <> - PATH=C:\Program Files (x86)\Intel\oneAPI\vtune\2023.2.0\bin32\runtime;C:\Program Files (x86)\Intel\oneAPI\vtune\2023.2.0\bin64\runtime;C:\Program Files\NVIDIA GPU Computing Toolkit\CUDA\v11.8;C:\Program Files\NVIDIA GPU Computing Toolkit\CUDA\v11.8\bin;C:\Program Files\NVIDIA GPU Computing Toolkit\CUDA\v11.8\libnvvp;C:\Program Files\Microsoft MPI\Bin\;C:\msys64\mingw64\bin;C:\Python39\Scripts\;C:\Python39\;C:\Program Files\Common Files\Oracle\Java\javapath;C:\Windows\system32;C:\Windows;C:\Windows\System32\Wbem;C:\Windows\System32\WindowsPowerShell\v1.0\;C:\Windows\System32\OpenSSH\;C:\Program Files (x86)\NVIDIA Corporation\PhysX\Common;C:\WINDOWS\system32;C:\WINDOWS;C:\WINDOWS\System32\Wbem;C:\WINDOWS\System32\WindowsPowerShell\v1.0\;C:\WINDOWS\System32\OpenSSH\;C:\ProgramData\chocolatey\bin;C:\Program Files\Java\jdk-15.0.2\bin;C:\Program Files\Kubernetes\Minikube;C:\Program Files\Amazon\AWSCLIV2\;C:\Users\ronni\Desktop\Open Source Projects;C:\Program Files\Apache24\bin;C:\Users\ronni\AppData\Roaming\nvm;C:\Program Files\nodejs;C:\Program Files\PuTTY\;C:\Program Files\Microsoft SQL Server\150\Tools\Binn\;C:\Program Files\Microsoft SQL Server\Client SDK\ODBC\170\Tools\Binn\;C:\Program Files\dotnet\;C:\Program Files\Microsoft SQL Server\130\Tools\Binn\;C:\Program Files\Git\cmd;C:\WINDOWS\system32;C:\WINDOWS;C:\WINDOWS\System32\Wbem;C:\WINDOWS\System32\WindowsPowerShell\v1.0\;C:\WINDOWS\System32\OpenSSH\;C:\Program Files\Git LFS;C:\Program Files\nodejs\;C:\Program Files\NVIDIA Corporation\NVIDIA NvDLISR;C:\Users\ronni\Desktop\Ayush\Game Engine Sample 3-20230508T203632Z-001\Game Engine Sample 3\AntTweakBar\lib\AntTweakBar.dll;C:\Users\ronni\anaconda3\Scripts;C:\Program Files\CMake\bin;C:\Program Files\Docker\Docker\resources\bin;C:\Program Files\NVIDIA Corporation\Nsight Compute 2022.3.0\;C:\Users\ronni\.poetry\bin;C:\Users\ronni\AppData\Local\Microsoft\WindowsApps;C:\Users\ronni\AppData\Local\Programs\Git\cmd;C:\Users\ronni\AppData\Local\Programs\Microsoft VS Code\bin;C:\Users\ronni\AppData\Local\GitHubDesktop\bin;C:\Program Files\heroku\bin;C:\Program Files\JetBrains\IntelliJ IDEA 2021.3\bin;C:\Users\ronni\AppData\Local\Android\Sdk\platform-tools;C:\Program Files\Java\jdk-14.0.1\bin;C:\Users\ronni\.dotnet\tools;C:\Users\ronni\AppData\Roaming\npm;C:\Users\ronni\Desktop\Ayush\Game Engine Sample 3-20230508T203632Z-001\Game Engine Sample 3\AntTweakBar\lib
348 [13864] INFO perfrun.mrte <> - COR_ENABLE_PROFILING=1
348 [13864] INFO perfrun.mrte <> - COR_PROFILER={AA5E4821-E3B1-479c-B7FF-5AD047D22CED}
348 [13864] INFO perfrun.mrte <> - COMPLUS_ProfAPI_ProfilerCompatibilitySetting=EnableV2Profiler
348 [13864] INFO perfrun.mrte <> - CORECLR_ENABLE_PROFILING=1
348 [13864] INFO perfrun.mrte <> - CORECLR_PROFILER={AA5E4821-E3B1-479c-B7FF-5AD047D22CED}
348 [13864] INFO perfrun.mrte <> - CORECLR_PROFILER_PATH=C:\Program Files (x86)\Intel\oneAPI\vtune\2023.2.0\bin64/amplxe_samplingmrte_clrprof_1.0.dll
348 [13864] INFO perfrun.mrte <> - INTEL_MRTE_PROFILER_MODE=mixed
349 [13864] INFO perfrun.mrte <> - Data directory: C:\Users\ronni\Desktop\Game Development\Double Eleven\Rocket Launch Simulation\ACW Project Framework\Intel® VTune™ Profiler Results\ACW Project Framework\r007hs\data.0
349 [13864] INFO perfrun.mrte <> - Mrte plugin is initialized
351 [13864] INFO perfrun.launcher <> - plugin [cuscol] was disabled because it doesn't support the given collection type.
351 [13864] INFO perfrun.launcher <> - plugin [stdsrc] was disabled because it doesn't support the given collection type.
351 [13864] INFO perfrun.launcher <> - plugin [sep] was disabled because it doesn't support the given collection type.
352 [13864] INFO perfrun.launcher <> - plugin [vtsspp] was disabled because it doesn't support the given collection type.
352 [13864] INFO perfrun.launcher <> - plugin [] was disabled because it doesn't support the given collection type.
352 [13864] INFO perfrun.launcher <> - plugin [aoclprofile] was disabled because it doesn't support the given collection type.
353 [13864] INFO perfrun.tpss <> - initialize tpss controller
353 [13864] INFO perfrun.tpss <> - configure collection mode: value = cpu:counters:nostack
355 [13864] INFO perfrun.tpss <> - configure collection mode: value = cpu:stack
355 [13864] INFO perfrun.tpss <> - default obj-size-min=1024
355 [13864] INFO perfrun.tpss <> - default hash-table-size=0
356 [13864] INFO perfrun.launcher <> - plugin [] was disabled because it doesn't support the given collection type.
356 [13864] INFO perfrun.launcher <> - plugin [] was disabled because it doesn't support the given collection type.
356 [13864] INFO perfrun.launcher <> - plugin [] was disabled because it doesn't support the given collection type.
356 [13864] INFO perfrun.launcher <> - plugin [] was disabled because it doesn't support the given collection type.
356 [13864] INFO perfrun.launcher <> - plugin [power] was disabled because it doesn't support the given collection type.
356 [13864] INFO perfrun.launcher <> - plugin [hwloc] was disabled because it doesn't support the given collection type.
357 [13864] INFO perfrun.launcher <> - plugin [ipmwatch] was disabled because it doesn't support the given collection type.
357 [13864] INFO perfrun.launcher <> - plugin [os_counters] was disabled because it doesn't support the given collection type.
357 [13864] INFO perfrun.launcher <> - plugin [l0_metrics] was disabled because it doesn't support the given collection type.
357 [19332] INFO perfrun.launcher <> - set environment variable: PATH = C:\Program Files (x86)\Intel\oneAPI\vtune\2023.2.0\bin32\runtime;C:\Program Files (x86)\Intel\oneAPI\vtune\2023.2.0\bin64\runtime;C:\Program Files\NVIDIA GPU Computing Toolkit\CUDA\v11.8;C:\Program Files\NVIDIA GPU Computing Toolkit\CUDA\v11.8\bin;C:\Program Files\NVIDIA GPU Computing Toolkit\CUDA\v11.8\libnvvp;C:\Program Files\Microsoft MPI\Bin\;C:\msys64\mingw64\bin;C:\Python39\Scripts\;C:\Python39\;C:\Program Files\Common Files\Oracle\Java\javapath;C:\Windows\system32;C:\Windows;C:\Windows\System32\Wbem;C:\Windows\System32\WindowsPowerShell\v1.0\;C:\Windows\System32\OpenSSH\;C:\Program Files (x86)\NVIDIA Corporation\PhysX\Common;C:\WINDOWS\system32;C:\WINDOWS;C:\WINDOWS\System32\Wbem;C:\WINDOWS\System32\WindowsPowerShell\v1.0\;C:\WINDOWS\System32\OpenSSH\;C:\ProgramData\chocolatey\bin;C:\Program Files\Java\jdk-15.0.2\bin;C:\Program Files\Kubernetes\Minikube;C:\Program Files\Amazon\AWSCLIV2\;C:\Users\ronni\Desktop\Open Source Projects;C:\Program Files\Apache24\bin;C:\Users\ronni\AppData\Roaming\nvm;C:\Program Files\nodejs;C:\Program Files\PuTTY\;C:\Program Files\Microsoft SQL Server\150\Tools\Binn\;C:\Program Files\Microsoft SQL Server\Client SDK\ODBC\170\Tools\Binn\;C:\Program Files\dotnet\;C:\Program Files\Microsoft SQL Server\130\Tools\Binn\;C:\Program Files\Git\cmd;C:\WINDOWS\system32;C:\WINDOWS;C:\WINDOWS\System32\Wbem;C:\WINDOWS\System32\WindowsPowerShell\v1.0\;C:\WINDOWS\System32\OpenSSH\;C:\Program Files\Git LFS;C:\Program Files\nodejs\;C:\Program Files\NVIDIA Corporation\NVIDIA NvDLISR;C:\Users\ronni\Desktop\Ayush\Game Engine Sample 3-20230508T203632Z-001\Game Engine Sample 3\AntTweakBar\lib\AntTweakBar.dll;C:\Users\ronni\anaconda3\Scripts;C:\Program Files\CMake\bin;C:\Program Files\Docker\Docker\resources\bin;C:\Program Files\NVIDIA Corporation\Nsight Compute 2022.3.0\;C:\Users\ronni\.poetry\bin;C:\Users\ronni\AppData\Local\Microsoft\WindowsApps;C:\Users\ronni\AppData\Local\Programs\Git\cmd;C:\Users\ronni\AppData\Local\Programs\Microsoft VS Code\bin;C:\Users\ronni\AppData\Local\GitHubDesktop\bin;C:\Program Files\heroku\bin;C:\Program Files\JetBrains\IntelliJ IDEA 2021.3\bin;C:\Users\ronni\AppData\Local\Android\Sdk\platform-tools;C:\Program Files\Java\jdk-14.0.1\bin;C:\Users\ronni\.dotnet\tools;C:\Users\ronni\AppData\Roaming\npm;C:\Users\ronni\Desktop\Ayush\Game Engine Sample 3-20230508T203632Z-001\Game Engine Sample 3\AntTweakBar\lib
357 [19332] INFO perfrun.launcher <> - set environment variable: INTEL_LIBITTNOTIFY32 = C:\Program Files (x86)\Intel\oneAPI\vtune\2023.2.0\bin32\runtime\ittnotify_collector.dll
357 [19332] INFO perfrun.launcher <> - set environment variable: INTEL_LIBITTNOTIFY64 = C:\Program Files (x86)\Intel\oneAPI\vtune\2023.2.0\bin64\runtime\ittnotify_collector.dll
357 [19332] INFO perfrun.launcher <> - set environment variable: INTEL_ITTNOTIFY_GROUPS = 
358 [19332] INFO perfrun.launcher <> - set environment variable: INTEL_JIT_PROFILER32 = C:\Program Files (x86)\Intel\oneAPI\vtune\2023.2.0\bin32\runtime\ittnotify_collector.dll
358 [19332] INFO perfrun.launcher <> - set environment variable: INTEL_JIT_PROFILER64 = C:\Program Files (x86)\Intel\oneAPI\vtune\2023.2.0\bin64\runtime\ittnotify_collector.dll
358 [19332] INFO perfrun.launcher <> - set environment variable: ENABLE_JITPROFILING = 1
358 [19332] INFO perfrun.launcher <> - set environment variable: CL_CONFIG_USE_VTUNE = True
358 [19332] INFO perfrun.launcher <> - set environment variable: KMP_FORKJOIN_FRAMES = 0
358 [19332] INFO perfrun.launcher <> - set environment variable: KMP_FORKJOIN_FRAMES_MODE = 0
358 [19332] INFO perfrun.launcher <> - set environment variable: INTEL_MRTE_DATA_DIR = C:\Users\ronni\Desktop\Game Development\Double Eleven\Rocket Launch Simulation\ACW Project Framework\Intel® VTune™ Profiler Results\ACW Project Framework\r007hs\data.0
358 [19332] INFO perfrun.launcher <> - set environment variable: INTEL_MRTE_HOST_NAME = APHRODITE
358 [19332] INFO perfrun.launcher <> - set environment variable: JAVA_TOOL_OPTIONS = -agentlib:amplxe_tpssmrte_javaprof_1.0
358 [19332] INFO perfrun.launcher <> - set environment variable: PATH = C:\Program Files (x86)\Intel\oneAPI\vtune\2023.2.0\bin32\runtime;C:\Program Files (x86)\Intel\oneAPI\vtune\2023.2.0\bin64\runtime;C:\Program Files\NVIDIA GPU Computing Toolkit\CUDA\v11.8;C:\Program Files\NVIDIA GPU Computing Toolkit\CUDA\v11.8\bin;C:\Program Files\NVIDIA GPU Computing Toolkit\CUDA\v11.8\libnvvp;C:\Program Files\Microsoft MPI\Bin\;C:\msys64\mingw64\bin;C:\Python39\Scripts\;C:\Python39\;C:\Program Files\Common Files\Oracle\Java\javapath;C:\Windows\system32;C:\Windows;C:\Windows\System32\Wbem;C:\Windows\System32\WindowsPowerShell\v1.0\;C:\Windows\System32\OpenSSH\;C:\Program Files (x86)\NVIDIA Corporation\PhysX\Common;C:\WINDOWS\system32;C:\WINDOWS;C:\WINDOWS\System32\Wbem;C:\WINDOWS\System32\WindowsPowerShell\v1.0\;C:\WINDOWS\System32\OpenSSH\;C:\ProgramData\chocolatey\bin;C:\Program Files\Java\jdk-15.0.2\bin;C:\Program Files\Kubernetes\Minikube;C:\Program Files\Amazon\AWSCLIV2\;C:\Users\ronni\Desktop\Open Source Projects;C:\Program Files\Apache24\bin;C:\Users\ronni\AppData\Roaming\nvm;C:\Program Files\nodejs;C:\Program Files\PuTTY\;C:\Program Files\Microsoft SQL Server\150\Tools\Binn\;C:\Program Files\Microsoft SQL Server\Client SDK\ODBC\170\Tools\Binn\;C:\Program Files\dotnet\;C:\Program Files\Microsoft SQL Server\130\Tools\Binn\;C:\Program Files\Git\cmd;C:\WINDOWS\system32;C:\WINDOWS;C:\WINDOWS\System32\Wbem;C:\WINDOWS\System32\WindowsPowerShell\v1.0\;C:\WINDOWS\System32\OpenSSH\;C:\Program Files\Git LFS;C:\Program Files\nodejs\;C:\Program Files\NVIDIA Corporation\NVIDIA NvDLISR;C:\Users\ronni\Desktop\Ayush\Game Engine Sample 3-20230508T203632Z-001\Game Engine Sample 3\AntTweakBar\lib\AntTweakBar.dll;C:\Users\ronni\anaconda3\Scripts;C:\Program Files\CMake\bin;C:\Program Files\Docker\Docker\resources\bin;C:\Program Files\NVIDIA Corporation\Nsight Compute 2022.3.0\;C:\Users\ronni\.poetry\bin;C:\Users\ronni\AppData\Local\Microsoft\WindowsApps;C:\Users\ronni\AppData\Local\Programs\Git\cmd;C:\Users\ronni\AppData\Local\Programs\Microsoft VS Code\bin;C:\Users\ronni\AppData\Local\GitHubDesktop\bin;C:\Program Files\heroku\bin;C:\Program Files\JetBrains\IntelliJ IDEA 2021.3\bin;C:\Users\ronni\AppData\Local\Android\Sdk\platform-tools;C:\Program Files\Java\jdk-14.0.1\bin;C:\Users\ronni\.dotnet\tools;C:\Users\ronni\AppData\Roaming\npm;C:\Users\ronni\Desktop\Ayush\Game Engine Sample 3-20230508T203632Z-001\Game Engine Sample 3\AntTweakBar\lib
358 [19332] INFO perfrun.launcher <> - set environment variable: COR_ENABLE_PROFILING = 1
358 [19332] INFO perfrun.launcher <> - set environment variable: COR_PROFILER = {AA5E4821-E3B1-479c-B7FF-5AD047D22CED}
359 [19332] INFO perfrun.launcher <> - set environment variable: COMPLUS_ProfAPI_ProfilerCompatibilitySetting = EnableV2Profiler
359 [19332] INFO perfrun.launcher <> - set environment variable: CORECLR_ENABLE_PROFILING = 1
359 [19332] INFO perfrun.launcher <> - set environment variable: CORECLR_PROFILER = {AA5E4821-E3B1-479c-B7FF-5AD047D22CED}
359 [19332] INFO perfrun.launcher <> - set environment variable: CORECLR_PROFILER_PATH = C:\Program Files (x86)\Intel\oneAPI\vtune\2023.2.0\bin64/amplxe_samplingmrte_clrprof_1.0.dll
359 [19332] INFO perfrun.launcher <> - set environment variable: INTEL_MRTE_PROFILER_MODE = mixed
360 [19332] INFO perfrun.launcher <> - RpcServer: run RPC server to handle requests
371 [19332] INFO perfrun.sdk <> - IProcessUtil: the given executable 'C:\Users\ronni\Desktop\Game Development\Double Eleven\Rocket Launch Simulation\x64\Release\ACW Project Framework.exe' is valid.
371 [19332] INFO perfrun.launcher <> - Launcher: command line to start before modification = C:\Users\ronni\Desktop\Game Development\Double Eleven\Rocket Launch Simulation\x64\Release\ACW Project Framework.exe
376 [19332] INFO perfrun.launcher <> - Launcher: command line to start after modification = C:\Program Files (x86)\Intel\oneAPI\vtune\2023.2.0\bin64\pin.exe -error_file C:\Users\ronni\Desktop\Game Development\Double Eleven\Rocket Launch Simulation\ACW Project Framework\Intel® VTune™ Profiler Results\ACW Project Framework\r007hs\data.0\pinerr.tpsslog -detach_reattach -probe -follow_execv -p32 C:\Program Files (x86)\Intel\oneAPI\vtune\2023.2.0\bin32\pin.exe -p64 C:\Program Files (x86)\Intel\oneAPI\vtune\2023.2.0\bin64\pin.exe -t64 C:\Program Files (x86)\Intel\oneAPI\vtune\2023.2.0\bin64\tpsstool.dll -t C:\Program Files (x86)\Intel\oneAPI\vtune\2023.2.0\bin32\tpsstool.dll -server_name tpss_ipc.20052 -prd_dir C:\Program Files (x86)\Intel\oneAPI\vtune\2023.2.0 -- C:\Users\ronni\Desktop\Game Development\Double Eleven\Rocket Launch Simulation\x64\Release\ACW Project Framework.exe
377 [19332] INFO perfrun.launcher <> - ProcessCreator object was created
383 [19332] INFO perfrun.launcher <> - Launcher: the process was started in suspend mode
396 [13864] INFO perfrun.itt <> - start itt controller for pid #9492
399 [13864] INFO perfrun.sdk <> - runCmd: "C:\Program Files (x86)\Intel\oneAPI\vtune\2023.2.0\bin64\emon.exe" -M
405 [13864] INFO perfrun.sdk <> - runCmd started PID 16920
483 [13864] INFO perfrun.sdk <> - runCmd: "C:\Program Files (x86)\Intel\oneAPI\vtune\2023.2.0\bin64\emon.exe" -v
488 [13864] INFO perfrun.sdk <> - runCmd started PID 7332
599 [13864] INFO perfrun.sdk <> - runCmd: "C:\Program Files (x86)\Intel\oneAPI\vtune\2023.2.0\bin64\sep.exe" -dry-run -ec CPU_CLK_UNHALTED.THREAD,CPU_CLK_UNHALTED.REF_TSC:sample:sa=2300000,INST_RETIRED.ANY:sample:sa=2300000,CPU_CLK_UNHALTED.REF_XCLK,CPU_CLK_UNHALTED.ONE_THREAD_ACTIVE,FP_ARITH_INST_RETIRED.SCALAR_SINGLE,FP_ARITH_INST_RETIRED.128B_PACKED_SINGLE,FP_ARITH_INST_RETIRED.256B_PACKED_SINGLE,FP_ARITH_INST_RETIRED.SCALAR_DOUBLE,FP_ARITH_INST_RETIRED.128B_PACKED_DOUBLE,FP_ARITH_INST_RETIRED.256B_PACKED_DOUBLE,UOPS_EXECUTED.X87,UOPS_RETIRED.RETIRE_SLOTS:sample:sa=2000003,UOPS_EXECUTED.THREAD -experimental
605 [13864] INFO perfrun.sdk <> - runCmd started PID 23660
695 [13864] INFO perfrun.sdk <> - runCmd: "C:\Program Files (x86)\Intel\oneAPI\vtune\2023.2.0\bin64\emon.exe" -u -t 0.050 -l0 -A -C CPU_CLK_UNHALTED.ONE_THREAD_ACTIVE,CPU_CLK_UNHALTED.REF_TSC,CPU_CLK_UNHALTED.REF_XCLK,CPU_CLK_UNHALTED.THREAD,FP_ARITH_INST_RETIRED.128B_PACKED_DOUBLE,FP_ARITH_INST_RETIRED.128B_PACKED_SINGLE,FP_ARITH_INST_RETIRED.256B_PACKED_DOUBLE,FP_ARITH_INST_RETIRED.256B_PACKED_SINGLE,FP_ARITH_INST_RETIRED.SCALAR_DOUBLE,FP_ARITH_INST_RETIRED.SCALAR_SINGLE,INST_RETIRED.ANY,UOPS_EXECUTED.THREAD,UOPS_EXECUTED.X87,UOPS_RETIRED.RETIRE_SLOTS -f "C:\Users\ronni\Desktop\Game Development\Double Eleven\Rocket Launch Simulation\ACW Project Framework\Intel® VTune™ Profiler Results\ACW Project Framework\r007hs\data.0\emon.0.emon" -experimental
702 [13864] INFO perfrun.sdk <> - runCmd started PID 11128
702 [13864] INFO perfrun.emon <> - Waiting trace file creation: C:\Users\ronni\Desktop\Game Development\Double Eleven\Rocket Launch Simulation\ACW Project Framework\Intel® VTune™ Profiler Results\ACW Project Framework\r007hs\data.0\emon.0.emon
916 [13864] INFO perfrun.emon <> - trace file was found
918 [13864] INFO perfrun.tpss <> - start tpss controller for pid #9492
979 [19332] INFO perfrun.launcher <> - Launcher: all plugins were started
979 [19332] INFO perfrun.launcher <> - DirectoryMonitor object was created
980 [19332] INFO perfrun.launcher <> - DirectoryMonitor: a callback was added
980 [19332] INFO perfrun.launcher <> - DirectoryMonitor was started with pingTime = 1000
980 [19332] INFO perfrun.launcher <> - DeadlineTimer is going to be constructed
981 [19332] INFO perfrun.launcher <> - DeadlineTimer: a callback was added
991 [19332] INFO perfrun.launcher <> - Launcher: resume the profiled application and  wait its termination or stop command
19598 [19332] INFO perfrun.launcher <> - Launcher: the profiled application was terminated  with exit code = 0
19640 [13864] INFO perfrun.itt <> - detach itt controller
19640 [13864] INFO perfrun.itt <> - detach itt controller done
19640 [13864] INFO perfrun.sdk <> - runCmd: "C:\Program Files (x86)\Intel\oneAPI\vtune\2023.2.0\bin64\emon.exe" -stop
19647 [13864] INFO perfrun.sdk <> - runCmd started PID 22008
19906 [13864] INFO perfrun.emon <> - EMON collector successfully stopped.

19906 [13864] INFO perfrun.emon <> - Waiting for main Emon process (11128) to finish...
19906 [13864] INFO perfrun.emon <> - Main Emon process finished
19907 [13864] INFO perfrun.tpss <> - stop tpss controller
19920 [13864] INFO perfrun.sdk <> - De-allocating TMU: C:\Users\ronni\Desktop\Game Development\Double Eleven\Rocket Launch Simulation\ACW Project Framework\Intel® VTune™ Profiler Results\ACW Project Framework\r007hs\data.0\systemcollector-20052-APHRODITE.sc
19938 [13864] INFO perfrun.system <> - closed the system trace file: C:\Users\ronni\Desktop\Game Development\Double Eleven\Rocket Launch Simulation\ACW Project Framework\Intel® VTune™ Profiler Results\ACW Project Framework\r007hs\data.0\systemcollector-20052-APHRODITE.sc
19938 [19332] INFO perfrun.launcher <> - Launcher: all plugins were stopped.
19938 [19332] INFO perfrun.launcher <> - DeadlineTimer is going to be destroyed
19938 [19332] INFO perfrun.launcher <> - DeadlineTimer was destroyed
19938 [19332] INFO perfrun.launcher <> - DirectoryMonitor object was destroyed
19938 [19332] WARN perfrun.launcher <> - Stop command is ignored because it is received when collection is already stopped, at file: vcs\perfrun1\launcher\src\command_handler.cpp:226
19941 [19332] INFO perfrun.launcher <> - Application exit code: 0
19942 [19332] INFO perfrun.launcher <> - Exit code: 0
